<?xml version="1.0" encoding="UTF-8"?>
<!-- Generated by org.testng.reporters.JUnitReportReporter -->
<testsuite hostname="PN-HYDTECH-041" name="com.payswiff.tests.HardwareIssues_validations" tests="1" failures="0" timestamp="16 Mar 2018 10:28:12 GMT" time="5.820" errors="0">
  <testcase name="HardwareIssues_Validation" time="5.820" classname="com.payswiff.tests.HardwareIssues_validations"/>
</testsuite> <!-- com.payswiff.tests.HardwareIssues_validations -->
