<?xml version="1.0" encoding="UTF-8"?>
<!-- Generated by org.testng.reporters.JUnitReportReporter -->
<testsuite hostname="PN-HYDTECH-041" name="com.Paynear.FTCash.SM_Mid_TIDAssign" tests="1" failures="0" timestamp="6 Apr 2018 05:13:46 GMT" time="29.375" errors="0">
  <testcase name="FT_MIDUpload" time="29.375" classname="com.Paynear.FTCash.SM_Mid_TIDAssign"/>
</testsuite> <!-- com.Paynear.FTCash.SM_Mid_TIDAssign -->
