<?xml version="1.0" encoding="UTF-8"?>
<!-- Generated by org.testng.reporters.JUnitReportReporter -->
<testsuite hostname="PN-HYDTECH-041" name="com.payswiff.constants.ScrollTest" tests="1" failures="0" timestamp="18 Apr 2018 06:34:49 GMT" time="23.457" errors="0">
  <testcase name="Device_Assign" time="23.457" classname="com.payswiff.constants.ScrollTest"/>
</testsuite> <!-- com.payswiff.constants.ScrollTest -->
