<?xml version="1.0" encoding="UTF-8"?>
<!-- Generated by org.testng.reporters.JUnitReportReporter -->
<testsuite hostname="PN-HYDTECH-041" name="com.payswiff.tests.Reports_Validation" tests="1" failures="0" timestamp="22 Mar 2018 07:53:13 GMT" time="5.587" errors="0">
  <testcase name="Payments_Validation" time="5.587" classname="com.payswiff.tests.Reports_Validation"/>
</testsuite> <!-- com.payswiff.tests.Reports_Validation -->
