<?xml version="1.0" encoding="UTF-8"?>
<!-- Generated by org.testng.reporters.JUnitReportReporter -->
<testsuite hostname="PN-HYDTECH-041" name="com.payswiff.tests.MessageCenterValid" tests="1" failures="0" timestamp="14 Mar 2018 08:09:21 GMT" time="32.724" errors="0">
  <testcase name="MessageCenterValidations" time="32.724" classname="com.payswiff.tests.MessageCenterValid"/>
</testsuite> <!-- com.payswiff.tests.MessageCenterValid -->
