<?xml version="1.0" encoding="UTF-8"?>
<!-- Generated by org.testng.reporters.JUnitReportReporter -->
<testsuite hostname="PN-HYDTECH-041" name="com.partnerPortal.PageValidations.Test" tests="1" failures="0" timestamp="31 May 2018 10:12:09 GMT" time="15.066" errors="0">
  <testcase name="TestMerch" time="15.066" classname="com.partnerPortal.PageValidations.Test"/>
</testsuite> <!-- com.partnerPortal.PageValidations.Test -->
