<?xml version="1.0" encoding="UTF-8"?>
<!-- Generated by org.testng.reporters.JUnitReportReporter -->
<testsuite hostname="PN-HYDTECH-041" name="com.Login_Portal.Portal_login" tests="1" failures="0" timestamp="6 Apr 2018 06:01:19 GMT" time="31.871" errors="0">
  <testcase name="testMethod" time="31.871" classname="com.Login_Portal.Portal_login"/>
</testsuite> <!-- com.Login_Portal.Portal_login -->
