<?xml version="1.0" encoding="UTF-8"?>
<!-- Generated by org.testng.reporters.JUnitReportReporter -->
<testsuite hostname="PN-HYDTECH-041" name="com.Paynear.FTCash.SM_Mid_TIDApproval" tests="1" failures="0" timestamp="6 Apr 2018 05:16:43 GMT" time="29.459" errors="0">
  <testcase name="FT_MidApproval" time="29.459" classname="com.Paynear.FTCash.SM_Mid_TIDApproval"/>
</testsuite> <!-- com.Paynear.FTCash.SM_Mid_TIDApproval -->
