<?xml version="1.0" encoding="UTF-8"?>
<!-- Generated by org.testng.reporters.JUnitReportReporter -->
<testsuite hostname="PN-HYDTECH-041" name="com.payswiff.tests.Installation_Validations" tests="1" failures="0" timestamp="22 Mar 2018 10:02:54 GMT" time="6.040" errors="0">
  <testcase name="Installation" time="6.040" classname="com.payswiff.tests.Installation_Validations"/>
</testsuite> <!-- com.payswiff.tests.Installation_Validations -->
