<?xml version="1.0" encoding="UTF-8"?>
<!-- Generated by org.testng.reporters.JUnitReportReporter -->
<testsuite hostname="PN-HYDTECH-041" name="com.Paynear.Portal.portal_MIDDeactive" tests="1" failures="0" timestamp="4 Jun 2018 05:38:21 GMT" time="53.123" errors="0">
  <testcase name="Device_Assign" time="53.123" classname="com.Paynear.Portal.portal_MIDDeactive"/>
</testsuite> <!-- com.Paynear.Portal.portal_MIDDeactive -->
