<?xml version="1.0" encoding="UTF-8"?>
<!-- Generated by org.testng.reporters.JUnitReportReporter -->
<testsuite hostname="PN-HYDTECH-041" name="com.FTCash.Panel.Fetch_MerchDetails" tests="1" failures="0" timestamp="1 Jun 2018 07:25:40 GMT" time="11.254" errors="0">
  <testcase name="TestMerch" time="11.254" classname="com.FTCash.Panel.Fetch_MerchDetails"/>
</testsuite> <!-- com.FTCash.Panel.Fetch_MerchDetails -->
