<?xml version="1.0" encoding="UTF-8"?>
<!-- Generated by org.testng.reporters.JUnitReportReporter -->
<testsuite hostname="PN-HYDTECH-041" name="com.payswiff.tests.Inventory_Validation" tests="2" failures="0" timestamp="22 Mar 2018 07:53:13 GMT" time="16.997" errors="0">
  <testcase name="AllotmentValidation" time="5.778" classname="com.payswiff.tests.Inventory_Validation"/>
  <testcase name="LeadsValidation" time="11.219" classname="com.payswiff.tests.Inventory_Validation"/>
</testsuite> <!-- com.payswiff.tests.Inventory_Validation -->
