<?xml version="1.0" encoding="UTF-8"?>
<!-- Generated by org.testng.reporters.JUnitReportReporter -->
<testsuite hostname="PN-HYDTECH-041" name="KalScripts.Portal_Payment_Validation" tests="1" failures="0" timestamp="1 Jun 2018 10:44:54 GMT" time="19.057" errors="0">
  <testcase name="Reports" time="19.057" classname="KalScripts.Portal_Payment_Validation"/>
</testsuite> <!-- KalScripts.Portal_Payment_Validation -->
