<?xml version="1.0" encoding="UTF-8"?>
<!-- Generated by org.testng.reporters.JUnitReportReporter -->
<testsuite hostname="PN-HYDTECH-041" name="com.Portal_validation.Portal_MerchDetail_Validation" tests="1" failures="0" timestamp="1 Jun 2018 07:25:40 GMT" time="195.952" errors="0">
  <testcase name="FT_MIDUpload" time="195.952" classname="com.Portal_validation.Portal_MerchDetail_Validation"/>
</testsuite> <!-- com.Portal_validation.Portal_MerchDetail_Validation -->
