<?xml version="1.0" encoding="UTF-8"?>
<!-- Generated by org.testng.reporters.JUnitReportReporter -->
<testsuite hostname="PN-HYDTECH-041" name="com.SpiceMoney_validation.SM_MerchPage_Validation" tests="1" failures="0" timestamp="6 Apr 2018 05:03:25 GMT" time="7.323" errors="0">
  <testcase name="Axis_MerchantValidation" time="7.323" classname="com.SpiceMoney_validation.SM_MerchPage_Validation"/>
</testsuite> <!-- com.SpiceMoney_validation.SM_MerchPage_Validation -->
