<?xml version="1.0" encoding="UTF-8"?>
<!-- Generated by org.testng.reporters.JUnitReportReporter -->
<testsuite hostname="PN-HYDTECH-041" name="com.Paynear.Portal.Portal_BulkMerchantUpload" tests="1" failures="0" timestamp="1 Jun 2018 07:25:40 GMT" time="61.652" errors="0">
  <testcase name="FT_BulkMerchantUpload" time="61.652" classname="com.Paynear.Portal.Portal_BulkMerchantUpload"/>
</testsuite> <!-- com.Paynear.Portal.Portal_BulkMerchantUpload -->
