<?xml version="1.0" encoding="UTF-8"?>
<!-- Generated by org.testng.reporters.JUnitReportReporter -->
<testsuite hostname="PN-HYDTECH-041" name="KalScripts.Merchant_Validation" tests="1" failures="0" timestamp="1 Jun 2018 10:44:54 GMT" time="16.629" errors="0">
  <testcase name="MerchantPage_Validation" time="16.629" classname="KalScripts.Merchant_Validation"/>
</testsuite> <!-- KalScripts.Merchant_Validation -->
