<?xml version="1.0" encoding="UTF-8"?>
<!-- Generated by org.testng.reporters.JUnitReportReporter -->
<testsuite hostname="PN-HYDTECH-041" name="com.Paynear.Portal.portal_MerchantDetails" tests="1" failures="0" timestamp="18 Apr 2018 07:21:33 GMT" time="88.370" errors="0">
  <testcase name="FT_MidApproval" time="88.370" classname="com.Paynear.Portal.portal_MerchantDetails"/>
</testsuite> <!-- com.Paynear.Portal.portal_MerchantDetails -->
