<?xml version="1.0" encoding="UTF-8"?>
<!-- Generated by org.testng.reporters.JUnitReportReporter -->
<testsuite hostname="PN-HYDTECH-041" name="com.PaySwiff.portalCases.Portal_MerchantLive" tests="1" failures="0" timestamp="1 Jun 2018 07:25:40 GMT" time="101.339" errors="0">
  <testcase name="FT_MIDUpload" time="101.339" classname="com.PaySwiff.portalCases.Portal_MerchantLive"/>
</testsuite> <!-- com.PaySwiff.portalCases.Portal_MerchantLive -->
