<?xml version="1.0" encoding="UTF-8"?>
<!-- Generated by org.testng.reporters.JUnitReportReporter -->
<testsuite hostname="PN-HYDTECH-041" name="com.Paynear.Portal.Portal_login" tests="1" failures="0" timestamp="1 Jun 2018 10:44:54 GMT" time="22.757" errors="0">
  <testcase name="testMethod" time="22.757" classname="com.Paynear.Portal.Portal_login"/>
</testsuite> <!-- com.Paynear.Portal.Portal_login -->
