<?xml version="1.0" encoding="UTF-8"?>
<!-- Generated by org.testng.reporters.JUnitReportReporter -->
<testsuite hostname="PN-HYDTECH-041" name="com.Paynear.Portal.Portal_Device_Assign2" tests="1" failures="0" timestamp="4 Jun 2018 05:38:21 GMT" time="103.676" errors="0">
  <testcase name="Device_Assign" time="103.676" classname="com.Paynear.Portal.Portal_Device_Assign2"/>
</testsuite> <!-- com.Paynear.Portal.Portal_Device_Assign2 -->
