<?xml version="1.0" encoding="UTF-8"?>
<!-- Generated by org.testng.reporters.JUnitReportReporter -->
<testsuite hostname="PN-HYDTECH-041" name="com.Paynear.FTCash.AutoConfig" tests="1" failures="0" timestamp="5 Apr 2018 12:25:59 GMT" time="33.499" errors="0">
  <testcase name="AutoConfig" time="33.499" classname="com.Paynear.FTCash.AutoConfig"/>
</testsuite> <!-- com.Paynear.FTCash.AutoConfig -->
