<?xml version="1.0" encoding="UTF-8"?>
<!-- Generated by org.testng.reporters.JUnitReportReporter -->
<testsuite hostname="PN-HYDTECH-041" name="com.Paynear.FTCash.FT_Reports" tests="1" failures="0" timestamp="4 Apr 2018 10:24:06 GMT" time="31.134" errors="0">
  <testcase name="Reports" time="31.134" classname="com.Paynear.FTCash.FT_Reports"/>
</testsuite> <!-- com.Paynear.FTCash.FT_Reports -->
