<?xml version="1.0" encoding="UTF-8"?>
<!-- Generated by org.testng.reporters.JUnitReportReporter -->
<testsuite hostname="PN-HYDTECH-041" name="com.PaySwiff.portalCases.Portal_ActLogin" tests="1" failures="0" timestamp="1 Jun 2018 07:25:40 GMT" time="28.282" errors="0">
  <testcase name="Logout" time="28.282" classname="com.PaySwiff.portalCases.Portal_ActLogin"/>
</testsuite> <!-- com.PaySwiff.portalCases.Portal_ActLogin -->
