<?xml version="1.0" encoding="UTF-8"?>
<!-- Generated by org.testng.reporters.JUnitReportReporter -->
<testsuite hostname="PN-HYDTECH-041" name="com.FTCash.Panel.testClassMerch" tests="1" failures="0" timestamp="9 Apr 2018 08:07:41 GMT" time="11.599" errors="0">
  <testcase name="TestMerch" time="11.599" classname="com.FTCash.Panel.testClassMerch"/>
</testsuite> <!-- com.FTCash.Panel.testClassMerch -->
