<?xml version="1.0" encoding="UTF-8"?>
<!-- Generated by org.testng.reporters.JUnitReportReporter -->
<testsuite hostname="PN-HYDTECH-041" name="com.FTCash.Panel.testJava" tests="1" failures="0" timestamp="12 Apr 2018 06:01:02 GMT" time="0.006" errors="0">
  <testcase name="CheckImage" time="0.006" classname="com.FTCash.Panel.testJava"/>
</testsuite> <!-- com.FTCash.Panel.testJava -->
