<?xml version="1.0" encoding="UTF-8"?>
<!-- Generated by org.testng.reporters.JUnitReportReporter -->
<testsuite hostname="PN-HYDTECH-041" name="com.PaySwiff.portalCases.PortalMidTid_Sce" tests="1" failures="0" timestamp="20 Apr 2018 06:18:02 GMT" time="84.665" errors="0">
  <testcase name="FT_MIDUpload" time="84.665" classname="com.PaySwiff.portalCases.PortalMidTid_Sce"/>
</testsuite> <!-- com.PaySwiff.portalCases.PortalMidTid_Sce -->
