<?xml version="1.0" encoding="UTF-8"?>
<!-- Generated by org.testng.reporters.JUnitReportReporter -->
<testsuite hostname="PN-HYDTECH-041" name="com.payswiff.tests.MyAccountVal" tests="1" failures="0" timestamp="14 Mar 2018 08:09:21 GMT" time="10.433" errors="0">
  <testcase name="MyAccountValidation" time="10.433" classname="com.payswiff.tests.MyAccountVal"/>
</testsuite> <!-- com.payswiff.tests.MyAccountVal -->
