<?xml version="1.0" encoding="UTF-8"?>
<!-- Generated by org.testng.reporters.JUnitReportReporter -->
<testsuite hostname="PN-HYDTECH-041" name="com.PaySwiff.portalCases.Portal_Device_DeAssign" tests="1" failures="0" timestamp="1 Jun 2018 06:21:37 GMT" time="39.100" errors="0">
  <testcase name="FT_MIDUpload" time="39.100" classname="com.PaySwiff.portalCases.Portal_Device_DeAssign"/>
</testsuite> <!-- com.PaySwiff.portalCases.Portal_Device_DeAssign -->
