<?xml version="1.0" encoding="UTF-8"?>
<!-- Generated by org.testng.reporters.JUnitReportReporter -->
<testsuite hostname="PN-HYDTECH-041" name="com.payswiff.tests.login" tests="1" failures="0" timestamp="30 Mar 2018 11:27:39 GMT" time="22.989" errors="0">
  <testcase name="testMethod" time="22.989" classname="com.payswiff.tests.login"/>
</testsuite> <!-- com.payswiff.tests.login -->
