<?xml version="1.0" encoding="UTF-8"?>
<!-- Generated by org.testng.reporters.JUnitReportReporter -->
<testsuite hostname="PN-HYDTECH-041" name="com.Paynear.Portal.Portal_Device_Assign3" tests="1" failures="0" timestamp="4 Jun 2018 05:38:21 GMT" time="123.633" errors="0">
  <testcase name="Device_Assign" time="123.633" classname="com.Paynear.Portal.Portal_Device_Assign3"/>
</testsuite> <!-- com.Paynear.Portal.Portal_Device_Assign3 -->
