<?xml version="1.0" encoding="UTF-8"?>
<!-- Generated by org.testng.reporters.JUnitReportReporter -->
<testsuite hostname="PN-HYDTECH-041" name="com.payswiff.tests.ServiceReq_Validation" tests="1" failures="0" timestamp="16 Mar 2018 08:16:42 GMT" time="10.651" errors="0">
  <testcase name="Service_Req_Validation" time="10.651" classname="com.payswiff.tests.ServiceReq_Validation"/>
</testsuite> <!-- com.payswiff.tests.ServiceReq_Validation -->
