<?xml version="1.0" encoding="UTF-8"?>
<!-- Generated by org.testng.reporters.JUnitReportReporter -->
<testsuite hostname="PN-HYDTECH-041" name="com.Portal_validation.Portal_Reports" tests="1" failures="0" timestamp="16 May 2018 05:50:58 GMT" time="31.122" errors="0">
  <testcase name="Reports" time="31.122" classname="com.Portal_validation.Portal_Reports"/>
</testsuite> <!-- com.Portal_validation.Portal_Reports -->
