<?xml version="1.0" encoding="UTF-8"?>
<!-- Generated by org.testng.reporters.JUnitReportReporter -->
<testsuite hostname="PN-HYDTECH-041" name="KalScripts.portal_Device_Validation" tests="1" failures="0" timestamp="1 Jun 2018 07:50:37 GMT" time="22.067" errors="0">
  <testcase name="Reports" time="22.067" classname="KalScripts.portal_Device_Validation"/>
</testsuite> <!-- KalScripts.portal_Device_Validation -->
