<?xml version="1.0" encoding="UTF-8"?>
<!-- Generated by org.testng.reporters.JUnitReportReporter -->
<testsuite hostname="PN-HYDTECH-041" name="com.Paynear.FTCash.login" tests="1" failures="0" timestamp="6 Apr 2018 05:16:43 GMT" time="21.781" errors="0">
  <testcase name="testMethod" time="21.781" classname="com.Paynear.FTCash.login"/>
</testsuite> <!-- com.Paynear.FTCash.login -->
