<?xml version="1.0" encoding="UTF-8"?>
<!-- Generated by org.testng.reporters.JUnitReportReporter -->
<testsuite hostname="PN-HYDTECH-041" name="com.partnerPortal.PageValidations.MerchDetail_validations" tests="1" failures="0" timestamp="15 May 2018 14:02:38 GMT" time="214.286" errors="0">
  <testcase name="MerchantDetail_Validation" time="214.286" classname="com.partnerPortal.PageValidations.MerchDetail_validations"/>
</testsuite> <!-- com.partnerPortal.PageValidations.MerchDetail_validations -->
