<?xml version="1.0" encoding="UTF-8"?>
<!-- Generated by org.testng.reporters.JUnitReportReporter -->
<testsuite hostname="PN-HYDTECH-041" name="com.Paynear.FTCash.Reports" tests="1" failures="0" timestamp="2 Apr 2018 13:34:51 GMT" time="15.709" errors="0">
  <testcase name="Reports" time="15.709" classname="com.Paynear.FTCash.Reports"/>
</testsuite> <!-- com.Paynear.FTCash.Reports -->
