<?xml version="1.0" encoding="UTF-8"?>
<!-- Generated by org.testng.reporters.JUnitReportReporter -->
<testsuite hostname="PN-HYDTECH-041" name="com.payswiff.tests.Leads_Validation" tests="1" failures="0" timestamp="26 Mar 2018 10:31:22 GMT" time="11.053" errors="0">
  <testcase name="LeadsValidation" time="11.053" classname="com.payswiff.tests.Leads_Validation"/>
</testsuite> <!-- com.payswiff.tests.Leads_Validation -->
