<?xml version="1.0" encoding="UTF-8"?>
<!-- Generated by org.testng.reporters.JUnitReportReporter -->
<testsuite hostname="PN-HYDTECH-041" name="com.PaySwiff.portalCases.Portal_Device_Assign" tests="1" failures="0" timestamp="4 Jun 2018 05:38:21 GMT" time="134.042" errors="0">
  <testcase name="FT_MIDUpload" time="134.042" classname="com.PaySwiff.portalCases.Portal_Device_Assign"/>
</testsuite> <!-- com.PaySwiff.portalCases.Portal_Device_Assign -->
