<?xml version="1.0" encoding="UTF-8"?>
<!-- Generated by org.testng.reporters.JUnitReportReporter -->
<testsuite hostname="PN-HYDTECH-041" name="com.payswiff.tests.Payments_Validation" tests="1" failures="0" timestamp="19 Mar 2018 07:26:08 GMT" time="5.535" errors="0">
  <testcase name="Payments_Validation" time="5.535" classname="com.payswiff.tests.Payments_Validation"/>
</testsuite> <!-- com.payswiff.tests.Payments_Validation -->
