<?xml version="1.0" encoding="UTF-8"?>
<!-- Generated by org.testng.reporters.JUnitReportReporter -->
<testsuite hostname="PN-HYDTECH-041" name="com.partnerPortal.PageValidations.Merchant_Validation" tests="1" failures="0" timestamp="30 May 2018 13:35:14 GMT" time="15.824" errors="0">
  <testcase name="MerchantPage_Validation" time="15.824" classname="com.partnerPortal.PageValidations.Merchant_Validation"/>
</testsuite> <!-- com.partnerPortal.PageValidations.Merchant_Validation -->
