<?xml version="1.0" encoding="UTF-8"?>
<!-- Generated by org.testng.reporters.JUnitReportReporter -->
<testsuite hostname="PN-HYDTECH-041" name="com.PaySwiff.portalCases.Portal_Device_DeAssign" tests="1" failures="0" timestamp="4 Jun 2018 05:38:21 GMT" time="38.993" errors="0">
  <testcase name="FT_MIDUpload" time="38.993" classname="com.PaySwiff.portalCases.Portal_Device_DeAssign"/>
</testsuite> <!-- com.PaySwiff.portalCases.Portal_Device_DeAssign -->
