<?xml version="1.0" encoding="UTF-8"?>
<!-- Generated by org.testng.reporters.JUnitReportReporter -->
<testsuite hostname="PN-HYDTECH-041" name="com.partnerPortal.PageValidations.Test_Sel" tests="1" failures="0" timestamp="28 May 2018 05:21:42 GMT" time="0.127" errors="0">
  <testcase name="testExcel" time="0.127" classname="com.partnerPortal.PageValidations.Test_Sel"/>
</testsuite> <!-- com.partnerPortal.PageValidations.Test_Sel -->
