<?xml version="1.0" encoding="UTF-8"?>
<!-- Generated by org.testng.reporters.JUnitReportReporter -->
<testsuite hostname="PN-HYDTECH-041" name="com.payswiff.tests.ActivationIssue_Validation" tests="1" failures="0" timestamp="16 Mar 2018 10:28:12 GMT" time="5.543" errors="0">
  <testcase name="Txn_SettlementValidation" time="5.543" classname="com.payswiff.tests.ActivationIssue_Validation"/>
</testsuite> <!-- com.payswiff.tests.ActivationIssue_Validation -->
