<?xml version="1.0" encoding="UTF-8"?>
<!-- Generated by org.testng.reporters.JUnitReportReporter -->
<testsuite hostname="PN-HYDTECH-041" name="com.payswiff.tests.DeInstallationScreen_Validation" tests="1" failures="0" timestamp="16 Mar 2018 10:28:12 GMT" time="10.827" errors="0">
  <testcase name="DeInstallation_Validation" time="10.827" classname="com.payswiff.tests.DeInstallationScreen_Validation"/>
</testsuite> <!-- com.payswiff.tests.DeInstallationScreen_Validation -->
