<?xml version="1.0" encoding="UTF-8"?>
<!-- Generated by org.testng.reporters.JUnitReportReporter -->
<testsuite hostname="PN-HYDTECH-041" name="com.Portal_validation.Portal_MyAccount_Validation" tests="1" failures="0" timestamp="1 Jun 2018 07:50:37 GMT" time="26.070" errors="0">
  <testcase name="MyAccount_UI" time="26.070" classname="com.Portal_validation.Portal_MyAccount_Validation"/>
</testsuite> <!-- com.Portal_validation.Portal_MyAccount_Validation -->
