<?xml version="1.0" encoding="UTF-8"?>
<!-- Generated by org.testng.reporters.JUnitReportReporter -->
<testsuite hostname="PN-HYDTECH-041" name="com.Paynear.Portal.Portal_Mid_TIDAssign" tests="1" failures="0" timestamp="18 Apr 2018 09:35:21 GMT" time="42.921" errors="0">
  <testcase name="FT_MIDUpload" time="42.921" classname="com.Paynear.Portal.Portal_Mid_TIDAssign"/>
</testsuite> <!-- com.Paynear.Portal.Portal_Mid_TIDAssign -->
