<?xml version="1.0" encoding="UTF-8"?>
<!-- Generated by org.testng.reporters.JUnitReportReporter -->
<testsuite hostname="PN-HYDTECH-041" name="com.PaySwiff.portalCases.Portal_Device_Assign" tests="1" failures="0" timestamp="1 Jun 2018 06:21:37 GMT" time="133.890" errors="0">
  <testcase name="FT_MIDUpload" time="133.890" classname="com.PaySwiff.portalCases.Portal_Device_Assign"/>
</testsuite> <!-- com.PaySwiff.portalCases.Portal_Device_Assign -->
