<?xml version="1.0" encoding="UTF-8"?>
<!-- Generated by org.testng.reporters.JUnitReportReporter -->
<testsuite hostname="PN-HYDTECH-041" name="com.payswiff_Regression.Merchants_Reg2" tests="1" failures="0" timestamp="29 Mar 2018 09:50:59 GMT" time="97.512" errors="0">
  <testcase name="Merchant_Reg" time="97.512" classname="com.payswiff_Regression.Merchants_Reg2"/>
</testsuite> <!-- com.payswiff_Regression.Merchants_Reg2 -->
