<?xml version="1.0" encoding="UTF-8"?>
<!-- Generated by org.testng.reporters.JUnitReportReporter -->
<testsuite hostname="PN-HYDTECH-041" name="com.Paynear.Portal.portal_MIDIncrmnt3" tests="1" failures="0" timestamp="1 Jun 2018 06:21:37 GMT" time="116.605" errors="0">
  <testcase name="Device_Assign" time="116.605" classname="com.Paynear.Portal.portal_MIDIncrmnt3"/>
</testsuite> <!-- com.Paynear.Portal.portal_MIDIncrmnt3 -->
