<?xml version="1.0" encoding="UTF-8"?>
<!-- Generated by org.testng.reporters.JUnitReportReporter -->
<testsuite hostname="PN-HYDTECH-041" name="com.Paynear.Portal.Portal_Device_Assign3" tests="1" failures="0" timestamp="1 Jun 2018 06:21:37 GMT" time="123.489" errors="0">
  <testcase name="Device_Assign" time="123.489" classname="com.Paynear.Portal.Portal_Device_Assign3"/>
</testsuite> <!-- com.Paynear.Portal.Portal_Device_Assign3 -->
