<?xml version="1.0" encoding="UTF-8"?>
<!-- Generated by org.testng.reporters.JUnitReportReporter -->
<testsuite hostname="PN-HYDTECH-041" name="com.payswiff.tests.Axis_MerchPage_Validation" tests="1" failures="0" timestamp="22 Mar 2018 10:02:54 GMT" time="5.572" errors="0">
  <testcase name="Axis_MerchantValidation" time="5.572" classname="com.payswiff.tests.Axis_MerchPage_Validation"/>
</testsuite> <!-- com.payswiff.tests.Axis_MerchPage_Validation -->
