<?xml version="1.0" encoding="UTF-8"?>
<!-- Generated by org.testng.reporters.JUnitReportReporter -->
<testsuite hostname="PN-HYDTECH-041" name="com.Portal_validation.Portal_MerchLiveValid" tests="1" failures="0" timestamp="24 May 2018 10:27:17 GMT" time="35.695" errors="0">
  <testcase name="FT_MIDUpload" time="35.695" classname="com.Portal_validation.Portal_MerchLiveValid"/>
</testsuite> <!-- com.Portal_validation.Portal_MerchLiveValid -->
